<?xml version="1.0" encoding="UTF-8"?>
<testsuites name="PriceofProduct" time="31.129" tests="1" failures="1" errors="0">
   <testsuite name="PriceofProduct" tests="1" failures="1" errors="0" time="31.129" skipped="0" timestamp="21-08-2024T05:12:46" hostname="aotir - host.docker.internal" id="Test Suites/PriceofProduct">
      <properties>
         <property name="deviceName" value=""/>
         <property name="devicePlatform"/>
         <property name="logFolder" value="C:\\Users\\aotir\\git\\demoBlaze\\Reports\\20240821_051241\\PriceofProduct\\20240821_051241"/>
         <property name="logFiles" value="C:\\Users\\aotir\\git\\demoBlaze\\Reports\\20240821_051241\\PriceofProduct\\20240821_051241\\execution0.log"/>
         <property name="attachments" value=""/>
         <property name="hostName" value="aotir - host.docker.internal"/>
         <property name="os" value="Windows 11 64bit"/>
         <property name="katalonVersion" value="9.5.0.217"/>
         <property name="browser" value="Chrome 127.0.0.0"/>
         <property name="hostAddress" value="192.168.1.150"/>
         <property name="sessionId" value="3a162a502287b97ac4ebf9f5ecd6a66c"/>
         <property name="seleniumVersion" value="3.141.59"/>
         <property name="proxyInformation" value="ProxyInformation { proxyOption=NO_PROXY, proxyServerType=HTTP, username=, password=********, proxyServerAddress=, proxyServerPort=0, executionList=&quot;&quot;, isApplyToDesiredCapabilities=true }"/>
         <property name="platform" value="Windows 11"/>
      </properties>
      <testcase name="Test Cases/PriceOfProducts" time="30.886" classname="Test Cases/PriceOfProducts" status="FAILED">
         <failure type="FAILED" message="Test Cases/PriceOfProducts FAILED.&#xa;Reason:&#xa;Assertion failed: &#xa;&#xa;assert orgnlPrice2 == dsplyPrice2&#xa;       |           |  |&#xa;       '790'       |  '700'&#xa;                   false&#xa;&#xa;	at PriceOfProducts.run(PriceOfProducts:80)&#xa;	at com.kms.katalon.core.main.ScriptEngine.run(ScriptEngine.java:194)&#xa;	at com.kms.katalon.core.main.ScriptEngine.runScriptAsRawText(ScriptEngine.java:119)&#xa;	at com.kms.katalon.core.main.TestCaseExecutor.runScript(TestCaseExecutor.java:448)&#xa;	at com.kms.katalon.core.main.TestCaseExecutor.doExecute(TestCaseExecutor.java:439)&#xa;	at com.kms.katalon.core.main.TestCaseExecutor.processExecutionPhase(TestCaseExecutor.java:418)&#xa;	at com.kms.katalon.core.main.TestCaseExecutor.accessMainPhase(TestCaseExecutor.java:410)&#xa;	at com.kms.katalon.core.main.TestCaseExecutor.execute(TestCaseExecutor.java:285)&#xa;	at com.kms.katalon.core.common.CommonExecutor.accessTestCaseMainPhase(CommonExecutor.java:65)&#xa;	at com.kms.katalon.core.main.TestSuiteExecutor.accessTestSuiteMainPhase(TestSuiteExecutor.java:150)&#xa;	at com.kms.katalon.core.main.TestSuiteExecutor.execute(TestSuiteExecutor.java:106)&#xa;	at com.kms.katalon.core.main.TestCaseMain.startTestSuite(TestCaseMain.java:180)&#xa;	at TempTestSuite1724242361494.run(TempTestSuite1724242361494.groovy:35)&#xa;	at java.base/jdk.internal.reflect.NativeMethodAccessorImpl.invoke0(Native Method)&#xa;	at java.base/jdk.internal.reflect.NativeMethodAccessorImpl.invoke(NativeMethodAccessorImpl.java:77)&#xa;	at java.base/jdk.internal.reflect.DelegatingMethodAccessorImpl.invoke(DelegatingMethodAccessorImpl.java:43)&#xa;"/>
         <system-out><![CDATA[21-08-2024T05:12:47 - [TEST_CASE][FAILED] - Test Cases/PriceOfProducts: Test Cases/PriceOfProducts FAILED.
Reason:
Assertion failed: 

assert orgnlPrice2 == dsplyPrice2
       |           |  |
       '790'       |  '700'
                   false

	at PriceOfProducts.run(PriceOfProducts:80)
	at com.kms.katalon.core.main.ScriptEngine.run(ScriptEngine.java:194)
	at com.kms.katalon.core.main.ScriptEngine.runScriptAsRawText(ScriptEngine.java:119)
	at com.kms.katalon.core.main.TestCaseExecutor.runScript(TestCaseExecutor.java:448)
	at com.kms.katalon.core.main.TestCaseExecutor.doExecute(TestCaseExecutor.java:439)
	at com.kms.katalon.core.main.TestCaseExecutor.processExecutionPhase(TestCaseExecutor.java:418)
	at com.kms.katalon.core.main.TestCaseExecutor.accessMainPhase(TestCaseExecutor.java:410)
	at com.kms.katalon.core.main.TestCaseExecutor.execute(TestCaseExecutor.java:285)
	at com.kms.katalon.core.common.CommonExecutor.accessTestCaseMainPhase(CommonExecutor.java:65)
	at com.kms.katalon.core.main.TestSuiteExecutor.accessTestSuiteMainPhase(TestSuiteExecutor.java:150)
	at com.kms.katalon.core.main.TestSuiteExecutor.execute(TestSuiteExecutor.java:106)
	at com.kms.katalon.core.main.TestCaseMain.startTestSuite(TestCaseMain.java:180)
	at TempTestSuite1724242361494.run(TempTestSuite1724242361494.groovy:35)
	at java.base/jdk.internal.reflect.NativeMethodAccessorImpl.invoke0(Native Method)
	at java.base/jdk.internal.reflect.NativeMethodAccessorImpl.invoke(NativeMethodAccessorImpl.java:77)
	at java.base/jdk.internal.reflect.DelegatingMethodAccessorImpl.invoke(DelegatingMethodAccessorImpl.java:43)


21-08-2024T05:12:47 - [TEST_STEP][PASSED] - data = findTestData("LoginData/LoginData"): null

21-08-2024T05:12:48 - [TEST_STEP][PASSED] - index = 2: null

21-08-2024T05:12:48 - [TEST_STEP][PASSED] - userName = data.getValue("userName", index): null

21-08-2024T05:12:48 - [TEST_STEP][PASSED] - Password = data.getValue("Password", index): null

21-08-2024T05:12:48 - [TEST_STEP][PASSED] - openBrowser(""): Browser is opened with url: ''

21-08-2024T05:12:48 - [MESSAGE][INFO] - Starting 'Chrome' driver

21-08-2024T05:12:48 - [MESSAGE][INFO] - Action delay is set to 0 milliseconds

21-08-2024T05:12:50 - [MESSAGE][PASSED] - Browser is opened with url: ''

21-08-2024T05:12:50 - [TEST_STEP][PASSED] - navigateToUrl("https://www.demoblaze.com/"): Navigate to 'https://www.demoblaze.com/' successfully

21-08-2024T05:12:52 - [MESSAGE][PASSED] - Navigate to 'https://www.demoblaze.com/' successfully

21-08-2024T05:12:52 - [TEST_STEP][PASSED] - click(findTestObject("Object Repository/PriceOfProducts/Page_STORE/a_Log in")): Object: 'Object Repository/PriceOfProducts/Page_STORE/a_Log in' is clicked on

21-08-2024T05:12:53 - [MESSAGE][PASSED] - Object: 'Object Repository/PriceOfProducts/Page_STORE/a_Log in' is clicked on

21-08-2024T05:12:53 - [TEST_STEP][PASSED] - setText(findTestObject("Object Repository/PriceOfProducts/Page_STORE/input_Username_loginusername"), userName): Text 'snehassaot' is set on object 'Object Repository/PriceOfProducts/Page_STORE/input_Username_loginusername'

21-08-2024T05:12:54 - [MESSAGE][PASSED] - Text 'snehassaot' is set on object 'Object Repository/PriceOfProducts/Page_STORE/input_Username_loginusername'

21-08-2024T05:12:54 - [TEST_STEP][PASSED] - setText(findTestObject("Object Repository/PriceOfProducts/Page_STORE/input_Password_loginpassword"), Password): Text '12345' is set on object 'Object Repository/PriceOfProducts/Page_STORE/input_Password_loginpassword'

21-08-2024T05:12:55 - [MESSAGE][PASSED] - Text '12345' is set on object 'Object Repository/PriceOfProducts/Page_STORE/input_Password_loginpassword'

21-08-2024T05:12:55 - [TEST_STEP][PASSED] - click(findTestObject("Object Repository/PriceOfProducts/Page_STORE/button_Log in")): Object: 'Object Repository/PriceOfProducts/Page_STORE/button_Log in' is clicked on

21-08-2024T05:12:55 - [MESSAGE][PASSED] - Object: 'Object Repository/PriceOfProducts/Page_STORE/button_Log in' is clicked on

21-08-2024T05:12:55 - [TEST_STEP][PASSED] - orgnlPrice1 = getText(findTestObject("Object Repository/PriceOfProducts/Page_STORE/h5_700")): Text of object 'Object Repository/PriceOfProducts/Page_STORE/h5_700' is: '$700'

21-08-2024T05:12:57 - [MESSAGE][PASSED] - Text of object 'Object Repository/PriceOfProducts/Page_STORE/h5_700' is: '$700'

21-08-2024T05:12:57 - [TEST_STEP][PASSED] - orgnlPrice2 = getText(findTestObject("Object Repository/PriceOfProducts/Page_STORE/h5_790")): Text of object 'Object Repository/PriceOfProducts/Page_STORE/h5_790' is: '$790'

21-08-2024T05:12:57 - [MESSAGE][PASSED] - Text of object 'Object Repository/PriceOfProducts/Page_STORE/h5_790' is: '$790'

21-08-2024T05:12:57 - [TEST_STEP][PASSED] - click(findTestObject("Object Repository/PriceOfProducts/Page_STORE/a_HTC One M9")): Object: 'Object Repository/PriceOfProducts/Page_STORE/a_HTC One M9' is clicked on

21-08-2024T05:12:58 - [MESSAGE][PASSED] - Object: 'Object Repository/PriceOfProducts/Page_STORE/a_HTC One M9' is clicked on

21-08-2024T05:12:58 - [TEST_STEP][PASSED] - click(findTestObject("Object Repository/PriceOfProducts/Page_STORE/a_Add to cart")): Object: 'Object Repository/PriceOfProducts/Page_STORE/a_Add to cart' is clicked on

21-08-2024T05:12:59 - [MESSAGE][PASSED] - Object: 'Object Repository/PriceOfProducts/Page_STORE/a_Add to cart' is clicked on

21-08-2024T05:12:59 - [TEST_STEP][PASSED] - click(findTestObject("Object Repository/PriceOfProducts/Page_STORE/a_Home (current)")): Object: 'Object Repository/PriceOfProducts/Page_STORE/a_Home (current)' is clicked on

21-08-2024T05:13:01 - [MESSAGE][PASSED] - Object: 'Object Repository/PriceOfProducts/Page_STORE/a_Home (current)' is clicked on

21-08-2024T05:13:01 - [TEST_STEP][PASSED] - click(findTestObject("Object Repository/PriceOfProducts/Page_STORE/h5_790")): Object: 'Object Repository/PriceOfProducts/Page_STORE/h5_790' is clicked on

21-08-2024T05:13:01 - [MESSAGE][PASSED] - Object: 'Object Repository/PriceOfProducts/Page_STORE/h5_790' is clicked on

21-08-2024T05:13:01 - [TEST_STEP][PASSED] - click(findTestObject("Object Repository/PriceOfProducts/Page_STORE/a_Sony vaio i5")): Object: 'Object Repository/PriceOfProducts/Page_STORE/a_Sony vaio i5' is clicked on

21-08-2024T05:13:02 - [MESSAGE][PASSED] - Object: 'Object Repository/PriceOfProducts/Page_STORE/a_Sony vaio i5' is clicked on

21-08-2024T05:13:02 - [TEST_STEP][PASSED] - click(findTestObject("Object Repository/PriceOfProducts/Page_STORE/a_Add to cart")): Object: 'Object Repository/PriceOfProducts/Page_STORE/a_Add to cart' is clicked on

21-08-2024T05:13:04 - [MESSAGE][PASSED] - Object: 'Object Repository/PriceOfProducts/Page_STORE/a_Add to cart' is clicked on

21-08-2024T05:13:04 - [TEST_STEP][PASSED] - click(findTestObject("Object Repository/PriceOfProducts/Page_STORE/a_Home (current)")): Object: 'Object Repository/PriceOfProducts/Page_STORE/a_Home (current)' is clicked on

21-08-2024T05:13:05 - [MESSAGE][PASSED] - Object: 'Object Repository/PriceOfProducts/Page_STORE/a_Home (current)' is clicked on

21-08-2024T05:13:05 - [TEST_STEP][PASSED] - click(findTestObject("Object Repository/PriceOfProducts/Page_STORE/button_Next")): Object: 'Object Repository/PriceOfProducts/Page_STORE/button_Next' is clicked on

21-08-2024T05:13:06 - [MESSAGE][PASSED] - Object: 'Object Repository/PriceOfProducts/Page_STORE/button_Next' is clicked on

21-08-2024T05:13:06 - [TEST_STEP][PASSED] - click(findTestObject("Object Repository/PriceOfProducts/Page_STORE/a_Dell i7 8gb")): Object: 'Object Repository/PriceOfProducts/Page_STORE/a_Dell i7 8gb' is clicked on

21-08-2024T05:13:09 - [MESSAGE][PASSED] - Object: 'Object Repository/PriceOfProducts/Page_STORE/a_Dell i7 8gb' is clicked on

21-08-2024T05:13:09 - [TEST_STEP][PASSED] - click(findTestObject("Object Repository/PriceOfProducts/Page_STORE/a_Add to cart")): Object: 'Object Repository/PriceOfProducts/Page_STORE/a_Add to cart' is clicked on

21-08-2024T05:13:11 - [MESSAGE][PASSED] - Object: 'Object Repository/PriceOfProducts/Page_STORE/a_Add to cart' is clicked on

21-08-2024T05:13:11 - [TEST_STEP][PASSED] - click(findTestObject("Object Repository/PriceOfProducts/Page_STORE/a_Cart")): Object: 'Object Repository/PriceOfProducts/Page_STORE/a_Cart' is clicked on

21-08-2024T05:13:14 - [MESSAGE][PASSED] - Object: 'Object Repository/PriceOfProducts/Page_STORE/a_Cart' is clicked on

21-08-2024T05:13:14 - [TEST_STEP][PASSED] - dsplyPrice1 = getText(findTestObject("Object Repository/PriceOfProducts/Page_STORE/td_700")): Text of object 'Object Repository/PriceOfProducts/Page_STORE/td_700' is: '700'

21-08-2024T05:13:17 - [MESSAGE][PASSED] - Text of object 'Object Repository/PriceOfProducts/Page_STORE/td_700' is: '700'

21-08-2024T05:13:17 - [TEST_STEP][PASSED] - dsplyPrice2 = getText(findTestObject("Object Repository/PriceOfProducts/Page_STORE/td_790")): Text of object 'Object Repository/PriceOfProducts/Page_STORE/td_790' is: '700'

21-08-2024T05:13:17 - [MESSAGE][PASSED] - Text of object 'Object Repository/PriceOfProducts/Page_STORE/td_790' is: '700'

21-08-2024T05:13:17 - [TEST_STEP][PASSED] - orgnlPrice1 = orgnlPrice1.replace("$", ""): null

21-08-2024T05:13:17 - [TEST_STEP][PASSED] - assert orgnlPrice1 == dsplyPrice1: null

21-08-2024T05:13:17 - [TEST_STEP][PASSED] - orgnlPrice2 = orgnlPrice2.replace("$", ""): null

21-08-2024T05:13:17 - [TEST_STEP][FAILED] - assert orgnlPrice2 == dsplyPrice2: Test Cases/PriceOfProducts FAILED.
Reason:
Assertion failed: 

assert orgnlPrice2 == dsplyPrice2
       |           |  |
       '790'       |  '700'
                   false

	at PriceOfProducts.run(PriceOfProducts:80)
	at com.kms.katalon.core.main.ScriptEngine.run(ScriptEngine.java:194)
	at com.kms.katalon.core.main.ScriptEngine.runScriptAsRawText(ScriptEngine.java:119)
	at com.kms.katalon.core.main.TestCaseExecutor.runScript(TestCaseExecutor.java:448)
	at com.kms.katalon.core.main.TestCaseExecutor.doExecute(TestCaseExecutor.java:439)
	at com.kms.katalon.core.main.TestCaseExecutor.processExecutionPhase(TestCaseExecutor.java:418)
	at com.kms.katalon.core.main.TestCaseExecutor.accessMainPhase(TestCaseExecutor.java:410)
	at com.kms.katalon.core.main.TestCaseExecutor.execute(TestCaseExecutor.java:285)
	at com.kms.katalon.core.common.CommonExecutor.accessTestCaseMainPhase(CommonExecutor.java:65)
	at com.kms.katalon.core.main.TestSuiteExecutor.accessTestSuiteMainPhase(TestSuiteExecutor.java:150)
	at com.kms.katalon.core.main.TestSuiteExecutor.execute(TestSuiteExecutor.java:106)
	at com.kms.katalon.core.main.TestCaseMain.startTestSuite(TestCaseMain.java:180)
	at TempTestSuite1724242361494.run(TempTestSuite1724242361494.groovy:35)
	at java.base/jdk.internal.reflect.NativeMethodAccessorImpl.invoke0(Native Method)
	at java.base/jdk.internal.reflect.NativeMethodAccessorImpl.invoke(NativeMethodAccessorImpl.java:77)
	at java.base/jdk.internal.reflect.DelegatingMethodAccessorImpl.invoke(DelegatingMethodAccessorImpl.java:43)


21-08-2024T05:13:17 - [MESSAGE][FAILED] - Test Cases/PriceOfProducts FAILED.
Reason:
Assertion failed: 

assert orgnlPrice2 == dsplyPrice2
       |           |  |
       '790'       |  '700'
                   false

	at PriceOfProducts.run(PriceOfProducts:80)
	at com.kms.katalon.core.main.ScriptEngine.run(ScriptEngine.java:194)
	at com.kms.katalon.core.main.ScriptEngine.runScriptAsRawText(ScriptEngine.java:119)
	at com.kms.katalon.core.main.TestCaseExecutor.runScript(TestCaseExecutor.java:448)
	at com.kms.katalon.core.main.TestCaseExecutor.doExecute(TestCaseExecutor.java:439)
	at com.kms.katalon.core.main.TestCaseExecutor.processExecutionPhase(TestCaseExecutor.java:418)
	at com.kms.katalon.core.main.TestCaseExecutor.accessMainPhase(TestCaseExecutor.java:410)
	at com.kms.katalon.core.main.TestCaseExecutor.execute(TestCaseExecutor.java:285)
	at com.kms.katalon.core.common.CommonExecutor.accessTestCaseMainPhase(CommonExecutor.java:65)
	at com.kms.katalon.core.main.TestSuiteExecutor.accessTestSuiteMainPhase(TestSuiteExecutor.java:150)
	at com.kms.katalon.core.main.TestSuiteExecutor.execute(TestSuiteExecutor.java:106)
	at com.kms.katalon.core.main.TestCaseMain.startTestSuite(TestCaseMain.java:180)
	at TempTestSuite1724242361494.run(TempTestSuite1724242361494.groovy:35)
	at java.base/jdk.internal.reflect.NativeMethodAccessorImpl.invoke0(Native Method)
	at java.base/jdk.internal.reflect.NativeMethodAccessorImpl.invoke(NativeMethodAccessorImpl.java:77)
	at java.base/jdk.internal.reflect.DelegatingMethodAccessorImpl.invoke(DelegatingMethodAccessorImpl.java:43)]]></system-out>
         <system-err><![CDATA[21-08-2024T05:12:47 - [TEST_CASE][FAILED] - Test Cases/PriceOfProducts: Test Cases/PriceOfProducts FAILED.
Reason:
Assertion failed: 

assert orgnlPrice2 == dsplyPrice2
       |           |  |
       '790'       |  '700'
                   false

	at PriceOfProducts.run(PriceOfProducts:80)
	at com.kms.katalon.core.main.ScriptEngine.run(ScriptEngine.java:194)
	at com.kms.katalon.core.main.ScriptEngine.runScriptAsRawText(ScriptEngine.java:119)
	at com.kms.katalon.core.main.TestCaseExecutor.runScript(TestCaseExecutor.java:448)
	at com.kms.katalon.core.main.TestCaseExecutor.doExecute(TestCaseExecutor.java:439)
	at com.kms.katalon.core.main.TestCaseExecutor.processExecutionPhase(TestCaseExecutor.java:418)
	at com.kms.katalon.core.main.TestCaseExecutor.accessMainPhase(TestCaseExecutor.java:410)
	at com.kms.katalon.core.main.TestCaseExecutor.execute(TestCaseExecutor.java:285)
	at com.kms.katalon.core.common.CommonExecutor.accessTestCaseMainPhase(CommonExecutor.java:65)
	at com.kms.katalon.core.main.TestSuiteExecutor.accessTestSuiteMainPhase(TestSuiteExecutor.java:150)
	at com.kms.katalon.core.main.TestSuiteExecutor.execute(TestSuiteExecutor.java:106)
	at com.kms.katalon.core.main.TestCaseMain.startTestSuite(TestCaseMain.java:180)
	at TempTestSuite1724242361494.run(TempTestSuite1724242361494.groovy:35)
	at java.base/jdk.internal.reflect.NativeMethodAccessorImpl.invoke0(Native Method)
	at java.base/jdk.internal.reflect.NativeMethodAccessorImpl.invoke(NativeMethodAccessorImpl.java:77)
	at java.base/jdk.internal.reflect.DelegatingMethodAccessorImpl.invoke(DelegatingMethodAccessorImpl.java:43)]]></system-err>
      </testcase>
      <system-out><![CDATA[21-08-2024T05:12:46 - [TEST_SUITE][FAILED] - PriceofProduct: Test Cases/PriceOfProducts FAILED.
Reason:
Assertion failed: 

assert orgnlPrice2 == dsplyPrice2
       |           |  |
       '790'       |  '700'
                   false

	at PriceOfProducts.run(PriceOfProducts:80)
	at com.kms.katalon.core.main.ScriptEngine.run(ScriptEngine.java:194)
	at com.kms.katalon.core.main.ScriptEngine.runScriptAsRawText(ScriptEngine.java:119)
	at com.kms.katalon.core.main.TestCaseExecutor.runScript(TestCaseExecutor.java:448)
	at com.kms.katalon.core.main.TestCaseExecutor.doExecute(TestCaseExecutor.java:439)
	at com.kms.katalon.core.main.TestCaseExecutor.processExecutionPhase(TestCaseExecutor.java:418)
	at com.kms.katalon.core.main.TestCaseExecutor.accessMainPhase(TestCaseExecutor.java:410)
	at com.kms.katalon.core.main.TestCaseExecutor.execute(TestCaseExecutor.java:285)
	at com.kms.katalon.core.common.CommonExecutor.accessTestCaseMainPhase(CommonExecutor.java:65)
	at com.kms.katalon.core.main.TestSuiteExecutor.accessTestSuiteMainPhase(TestSuiteExecutor.java:150)
	at com.kms.katalon.core.main.TestSuiteExecutor.execute(TestSuiteExecutor.java:106)
	at com.kms.katalon.core.main.TestCaseMain.startTestSuite(TestCaseMain.java:180)
	at TempTestSuite1724242361494.run(TempTestSuite1724242361494.groovy:35)
	at java.base/jdk.internal.reflect.NativeMethodAccessorImpl.invoke0(Native Method)
	at java.base/jdk.internal.reflect.NativeMethodAccessorImpl.invoke(NativeMethodAccessorImpl.java:77)
	at java.base/jdk.internal.reflect.DelegatingMethodAccessorImpl.invoke(DelegatingMethodAccessorImpl.java:43)]]></system-out>
      <system-err><![CDATA[21-08-2024T05:12:46 - [TEST_SUITE][FAILED] - PriceofProduct: Test Cases/PriceOfProducts FAILED.
Reason:
Assertion failed: 

assert orgnlPrice2 == dsplyPrice2
       |           |  |
       '790'       |  '700'
                   false

	at PriceOfProducts.run(PriceOfProducts:80)
	at com.kms.katalon.core.main.ScriptEngine.run(ScriptEngine.java:194)
	at com.kms.katalon.core.main.ScriptEngine.runScriptAsRawText(ScriptEngine.java:119)
	at com.kms.katalon.core.main.TestCaseExecutor.runScript(TestCaseExecutor.java:448)
	at com.kms.katalon.core.main.TestCaseExecutor.doExecute(TestCaseExecutor.java:439)
	at com.kms.katalon.core.main.TestCaseExecutor.processExecutionPhase(TestCaseExecutor.java:418)
	at com.kms.katalon.core.main.TestCaseExecutor.accessMainPhase(TestCaseExecutor.java:410)
	at com.kms.katalon.core.main.TestCaseExecutor.execute(TestCaseExecutor.java:285)
	at com.kms.katalon.core.common.CommonExecutor.accessTestCaseMainPhase(CommonExecutor.java:65)
	at com.kms.katalon.core.main.TestSuiteExecutor.accessTestSuiteMainPhase(TestSuiteExecutor.java:150)
	at com.kms.katalon.core.main.TestSuiteExecutor.execute(TestSuiteExecutor.java:106)
	at com.kms.katalon.core.main.TestCaseMain.startTestSuite(TestCaseMain.java:180)
	at TempTestSuite1724242361494.run(TempTestSuite1724242361494.groovy:35)
	at java.base/jdk.internal.reflect.NativeMethodAccessorImpl.invoke0(Native Method)
	at java.base/jdk.internal.reflect.NativeMethodAccessorImpl.invoke(NativeMethodAccessorImpl.java:77)
	at java.base/jdk.internal.reflect.DelegatingMethodAccessorImpl.invoke(DelegatingMethodAccessorImpl.java:43)]]></system-err>
   </testsuite>
</testsuites>
